<?xml version="1.0" encoding="UTF-8"?>
<!-- Generated by org.testng.reporters.JUnitReportReporter -->
<testsuite hostname="thi-VirtualBox" name="se.nackademin.examination.examination_jacoco.ConversorTest" tests="4" failures="0" timestamp="31 Mar 2021 14:40:59 GMT" time="0.014" errors="0">
  <testcase name="testConversor_Age" time="0.001" classname="se.nackademin.examination.examination_jacoco.ConversorTest"/>
  <testcase name="testConversor_Name" time="0.000" classname="se.nackademin.examination.examination_jacoco.ConversorTest"/>
  <testcase name="testConversor_Gender" time="0.007" classname="se.nackademin.examination.examination_jacoco.ConversorTest"/>
  <testcase name="testConversor_City" time="0.006" classname="se.nackademin.examination.examination_jacoco.ConversorTest"/>
</testsuite> <!-- se.nackademin.examination.examination_jacoco.ConversorTest -->
