<?xml version="1.0" encoding="UTF-8"?>
<!-- Generated by org.testng.reporters.JUnitReportReporter -->
<testsuite hostname="thi-VirtualBox" name="se.nackademin.examination.examination_jacoco.DataAnalysisTest" tests="6" failures="0" timestamp="31 Mar 2021 14:40:59 GMT" time="0.015" errors="0">
  <testcase name="test3" time="0.001" classname="se.nackademin.examination.examination_jacoco.DataAnalysisTest"/>
  <testcase name="test4" time="0.000" classname="se.nackademin.examination.examination_jacoco.DataAnalysisTest"/>
  <testcase name="test1" time="0.005" classname="se.nackademin.examination.examination_jacoco.DataAnalysisTest"/>
  <testcase name="test2" time="0.001" classname="se.nackademin.examination.examination_jacoco.DataAnalysisTest"/>
  <testcase name="test6" time="0.001" classname="se.nackademin.examination.examination_jacoco.DataAnalysisTest"/>
  <testcase name="test5" time="0.007" classname="se.nackademin.examination.examination_jacoco.DataAnalysisTest"/>
</testsuite> <!-- se.nackademin.examination.examination_jacoco.DataAnalysisTest -->
